<?xml version="1.0" encoding="UTF-8"?>
<!-- Generated by org.testng.reporters.JUnitXMLReporter -->
<testsuite ignored="2" hostname="Demetriuss-MacBook-Air.local" failures="0" tests="1" name="Default test" time="4.403" errors="0" timestamp="2025-01-26T10:39:15 WIB">
  <testcase classname="higowebsite.testcases.HomePageTest" name="submitContactHIGOWifiAdvertising" time="1.895"/>
  <testcase classname="higowebsite.testcases.HomePageTest" name="submitContactHIGOIntegrated" time="0.0">
    <ignored/>
  </testcase> <!-- submitContactHIGOIntegrated -->
  <testcase classname="higowebsite.testcases.HomePageTest" name="submitContactHIGOSpot" time="0.0">
    <ignored/>
  </testcase> <!-- submitContactHIGOSpot -->
</testsuite> <!-- Default test -->
