<?xml version="1.0" encoding="UTF-8"?>
<testng-results ignored="0" total="1" passed="1" failed="0" skipped="0">
  <reporter-output>
  </reporter-output>
  <suite started-at="2025-01-26T10:39:11 WIB" name="Default suite" finished-at="2025-01-26T10:39:15 WIB" duration-ms="4403">
    <groups>
    </groups>
    <test started-at="2025-01-26T10:39:11 WIB" name="Default test" finished-at="2025-01-26T10:39:15 WIB" duration-ms="4403">
      <class name="higowebsite.testcases.HomePageTest">
        <test-method is-config="true" signature="launchApplication()[pri:0, instance:higowebsite.testcases.HomePageTest@b9b00e0]" started-at="2025-01-26T10:39:11 WIB" name="launchApplication" finished-at="2025-01-26T10:39:13 WIB" duration-ms="2370" status="PASS">
          <reporter-output>
          </reporter-output>
        </test-method> <!-- launchApplication -->
        <test-method signature="submitContactHIGOWifiAdvertising()[pri:0, instance:higowebsite.testcases.HomePageTest@b9b00e0]" started-at="2025-01-26T10:39:13 WIB" name="submitContactHIGOWifiAdvertising" finished-at="2025-01-26T10:39:15 WIB" duration-ms="1895" status="PASS">
          <reporter-output>
          </reporter-output>
        </test-method> <!-- submitContactHIGOWifiAdvertising -->
        <test-method is-config="true" signature="tearDown()[pri:0, instance:higowebsite.testcases.HomePageTest@b9b00e0]" started-at="2025-01-26T10:39:15 WIB" name="tearDown" finished-at="2025-01-26T10:39:15 WIB" duration-ms="118" status="PASS">
          <reporter-output>
          </reporter-output>
        </test-method> <!-- tearDown -->
      </class> <!-- higowebsite.testcases.HomePageTest -->
    </test> <!-- Default test -->
  </suite> <!-- Default suite -->
</testng-results>
